ARM GAS  /tmp/ccduNATu.s 			page 1


   1              		.cpu cortex-m3
   2              		.eabi_attribute 20, 1
   3              		.eabi_attribute 21, 1
   4              		.eabi_attribute 23, 3
   5              		.eabi_attribute 24, 1
   6              		.eabi_attribute 25, 1
   7              		.eabi_attribute 26, 1
   8              		.eabi_attribute 30, 1
   9              		.eabi_attribute 34, 1
  10              		.eabi_attribute 18, 4
  11              		.file	"btld_jump.c"
  12              		.text
  13              	.Ltext0:
  14              		.cfi_sections	.debug_frame
  15              		.section	.text.jumpToBootloader,"ax",%progbits
  16              		.align	1
  17              		.global	jumpToBootloader
  18              		.arch armv7-m
  19              		.syntax unified
  20              		.thumb
  21              		.thumb_func
  22              		.fpu softvfp
  24              	jumpToBootloader:
  25              	.LVL0:
  26              	.LFB68:
  27              		.file 1 "Core/Src/btld_jump.c"
   1:Core/Src/btld_jump.c **** #include "btld_jump.h"
   2:Core/Src/btld_jump.c **** 
   3:Core/Src/btld_jump.c **** #define BOOTLOADER_ID 0x0000FF00
   4:Core/Src/btld_jump.c **** #define BTLD_APP_ID 0X01
   5:Core/Src/btld_jump.c **** #define JUMP_COMMAND 0XF0
   6:Core/Src/btld_jump.c **** #define BOOT_ADDRESS (uint32_t)0x08000000 /* Start address of application space in flash */
   7:Core/Src/btld_jump.c **** 
   8:Core/Src/btld_jump.c **** typedef void (*pFunction)(void);
   9:Core/Src/btld_jump.c **** static void btld_JumpToBoot(void);
  10:Core/Src/btld_jump.c **** 
  11:Core/Src/btld_jump.c **** void jumpToBootloader(CAN_RxHeaderTypeDef *rxMsg, uint8_t *canRx)
  12:Core/Src/btld_jump.c **** {
  28              		.loc 1 12 1 view -0
  29              		.cfi_startproc
  30              		@ args = 0, pretend = 0, frame = 0
  31              		@ frame_needed = 0, uses_anonymous_args = 0
  32              		.loc 1 12 1 is_stmt 0 view .LVU1
  33 0000 08B5     		push	{r3, lr}
  34              		.cfi_def_cfa_offset 8
  35              		.cfi_offset 3, -8
  36              		.cfi_offset 14, -4
  13:Core/Src/btld_jump.c ****     //if ((rxMsg->ExtId == (BOOTLOADER_ID | BTLD_APP_ID)) && canRx[0] == JUMP_COMMAND)
  14:Core/Src/btld_jump.c ****     if (rxMsg->ExtId == 0x0000FF01)
  37              		.loc 1 14 5 is_stmt 1 view .LVU2
  38              		.loc 1 14 14 is_stmt 0 view .LVU3
  39 0002 4268     		ldr	r2, [r0, #4]
  40              		.loc 1 14 8 view .LVU4
  41 0004 4FF60173 		movw	r3, #65281
  42 0008 9A42     		cmp	r2, r3
  43 000a 00D0     		beq	.L4
  44              	.LVL1:
ARM GAS  /tmp/ccduNATu.s 			page 2


  45              	.L1:
  15:Core/Src/btld_jump.c ****     {
  16:Core/Src/btld_jump.c ****         //btld_JumpToBoot();
  17:Core/Src/btld_jump.c ****         HAL_NVIC_SystemReset();
  18:Core/Src/btld_jump.c ****     }
  19:Core/Src/btld_jump.c **** }
  46              		.loc 1 19 1 view .LVU5
  47 000c 08BD     		pop	{r3, pc}
  48              	.LVL2:
  49              	.L4:
  17:Core/Src/btld_jump.c ****     }
  50              		.loc 1 17 9 is_stmt 1 view .LVU6
  51 000e FFF7FEFF 		bl	HAL_NVIC_SystemReset
  52              	.LVL3:
  53              		.loc 1 19 1 is_stmt 0 view .LVU7
  54 0012 FBE7     		b	.L1
  55              		.cfi_endproc
  56              	.LFE68:
  58              		.comm	canDebug,4,4
  59              		.comm	txCycle2,4,4
  60              		.comm	txCycle,4,4
  61              		.comm	canTx2,8,4
  62              		.comm	canTx,8,4
  63              		.comm	canMailbox2,4,4
  64              		.comm	canMailbox,4,4
  65              		.comm	canRx2,8,4
  66              		.comm	canRx,8,4
  67              		.comm	txMsgExt2,24,4
  68              		.comm	txMsg2,24,4
  69              		.comm	rxMsg2,28,4
  70              		.comm	txMsgExt,24,4
  71              		.comm	txMsg,24,4
  72              		.comm	rxMsg,28,4
  73              		.comm	sf5,40,4
  74              		.comm	sf4,40,4
  75              		.comm	sf3,40,4
  76              		.comm	sf2,40,4
  77              		.comm	sf,40,4
  78              		.comm	hcan2,40,4
  79              		.comm	hcan1,40,4
  80              		.comm	LIDAR,8,4
  81              		.comm	te,12,4
  82              		.comm	taskTime,32,4
  83              		.comm	BMS,20,4
  84              		.comm	charger,3,4
  85              		.comm	vcu,7,4
  86              		.comm	iboost,2,4
  87              		.comm	ldu,18,4
  88              		.comm	tempdata,4,4
  89              		.comm	ADC_data,12,4
  90              		.comm	tenderActive,1,1
  91              		.comm	time_now,4,4
  92              		.comm	period,4,4
  93              		.comm	DCDC,4,4
  94              		.text
  95              	.Letext0:
  96              		.file 2 "/usr/lib/gcc/arm-none-eabi/9.2.1/include/stdint.h"
ARM GAS  /tmp/ccduNATu.s 			page 3


  97              		.file 3 "Drivers/CMSIS/Include/core_cm3.h"
  98              		.file 4 "Drivers/CMSIS/Device/ST/STM32F1xx/Include/system_stm32f1xx.h"
  99              		.file 5 "Drivers/CMSIS/Device/ST/STM32F1xx/Include/stm32f105xc.h"
 100              		.file 6 "Drivers/CMSIS/Device/ST/STM32F1xx/Include/stm32f1xx.h"
 101              		.file 7 "Drivers/STM32F1xx_HAL_Driver/Inc/stm32f1xx_hal_can.h"
 102              		.file 8 "Drivers/STM32F1xx_HAL_Driver/Inc/stm32f1xx_hal.h"
 103              		.file 9 "/usr/lib/gcc/arm-none-eabi/9.2.1/include/stddef.h"
 104              		.file 10 "/usr/include/newlib/sys/_types.h"
 105              		.file 11 "/usr/include/newlib/sys/reent.h"
 106              		.file 12 "/usr/include/newlib/sys/lock.h"
 107              		.file 13 "Core/Inc/dcdc.h"
 108              		.file 14 "Core/Inc/vcu.h"
 109              		.file 15 "Core/Inc/encoder.h"
 110              		.file 16 "Core/Inc/lidar.h"
 111              		.file 17 "Core/Inc/can_setup.h"
 112              		.file 18 "Drivers/STM32F1xx_HAL_Driver/Inc/stm32f1xx_hal_cortex.h"
ARM GAS  /tmp/ccduNATu.s 			page 4


DEFINED SYMBOLS
                            *ABS*:0000000000000000 btld_jump.c
     /tmp/ccduNATu.s:16     .text.jumpToBootloader:0000000000000000 $t
     /tmp/ccduNATu.s:24     .text.jumpToBootloader:0000000000000000 jumpToBootloader
                            *COM*:0000000000000004 canDebug
                            *COM*:0000000000000004 txCycle2
                            *COM*:0000000000000004 txCycle
                            *COM*:0000000000000008 canTx2
                            *COM*:0000000000000008 canTx
                            *COM*:0000000000000004 canMailbox2
                            *COM*:0000000000000004 canMailbox
                            *COM*:0000000000000008 canRx2
                            *COM*:0000000000000008 canRx
                            *COM*:0000000000000018 txMsgExt2
                            *COM*:0000000000000018 txMsg2
                            *COM*:000000000000001c rxMsg2
                            *COM*:0000000000000018 txMsgExt
                            *COM*:0000000000000018 txMsg
                            *COM*:000000000000001c rxMsg
                            *COM*:0000000000000028 sf5
                            *COM*:0000000000000028 sf4
                            *COM*:0000000000000028 sf3
                            *COM*:0000000000000028 sf2
                            *COM*:0000000000000028 sf
                            *COM*:0000000000000028 hcan2
                            *COM*:0000000000000028 hcan1
                            *COM*:0000000000000008 LIDAR
                            *COM*:000000000000000c te
                            *COM*:0000000000000020 taskTime
                            *COM*:0000000000000014 BMS
                            *COM*:0000000000000003 charger
                            *COM*:0000000000000007 vcu
                            *COM*:0000000000000002 iboost
                            *COM*:0000000000000012 ldu
                            *COM*:0000000000000004 tempdata
                            *COM*:000000000000000c ADC_data
                            *COM*:0000000000000001 tenderActive
                            *COM*:0000000000000004 time_now
                            *COM*:0000000000000004 period
                            *COM*:0000000000000004 DCDC

UNDEFINED SYMBOLS
HAL_NVIC_SystemReset
