ARM GAS  /tmp/ccZApvMK.s 			page 1


   1              		.cpu cortex-m3
   2              		.eabi_attribute 20, 1
   3              		.eabi_attribute 21, 1
   4              		.eabi_attribute 23, 3
   5              		.eabi_attribute 24, 1
   6              		.eabi_attribute 25, 1
   7              		.eabi_attribute 26, 1
   8              		.eabi_attribute 30, 1
   9              		.eabi_attribute 34, 1
  10              		.eabi_attribute 18, 4
  11              		.file	"system_stm32f1xx.c"
  12              		.text
  13              	.Ltext0:
  14              		.cfi_sections	.debug_frame
  15              		.section	.text.SystemInit,"ax",%progbits
  16              		.align	1
  17              		.global	SystemInit
  18              		.syntax unified
  19              		.thumb
  20              		.thumb_func
  21              		.fpu softvfp
  23              	SystemInit:
  24              	.LFB65:
  25              		.file 1 "Core/Src/system_stm32f1xx.c"
   1:Core/Src/system_stm32f1xx.c **** /**
   2:Core/Src/system_stm32f1xx.c ****   ******************************************************************************
   3:Core/Src/system_stm32f1xx.c ****   * @file    system_stm32f1xx.c
   4:Core/Src/system_stm32f1xx.c ****   * @author  MCD Application Team
   5:Core/Src/system_stm32f1xx.c ****   * @brief   CMSIS Cortex-M3 Device Peripheral Access Layer System Source File.
   6:Core/Src/system_stm32f1xx.c ****   * 
   7:Core/Src/system_stm32f1xx.c ****   * 1.  This file provides two functions and one global variable to be called from 
   8:Core/Src/system_stm32f1xx.c ****   *     user application:
   9:Core/Src/system_stm32f1xx.c ****   *      - SystemInit(): Setups the system clock (System clock source, PLL Multiplier
  10:Core/Src/system_stm32f1xx.c ****   *                      factors, AHB/APBx prescalers and Flash settings). 
  11:Core/Src/system_stm32f1xx.c ****   *                      This function is called at startup just after reset and 
  12:Core/Src/system_stm32f1xx.c ****   *                      before branch to main program. This call is made inside
  13:Core/Src/system_stm32f1xx.c ****   *                      the "startup_stm32f1xx_xx.s" file.
  14:Core/Src/system_stm32f1xx.c ****   *
  15:Core/Src/system_stm32f1xx.c ****   *      - SystemCoreClock variable: Contains the core clock (HCLK), it can be used
  16:Core/Src/system_stm32f1xx.c ****   *                                  by the user application to setup the SysTick 
  17:Core/Src/system_stm32f1xx.c ****   *                                  timer or configure other parameters.
  18:Core/Src/system_stm32f1xx.c ****   *                                     
  19:Core/Src/system_stm32f1xx.c ****   *      - SystemCoreClockUpdate(): Updates the variable SystemCoreClock and must
  20:Core/Src/system_stm32f1xx.c ****   *                                 be called whenever the core clock is changed
  21:Core/Src/system_stm32f1xx.c ****   *                                 during program execution.
  22:Core/Src/system_stm32f1xx.c ****   *
  23:Core/Src/system_stm32f1xx.c ****   * 2. After each device reset the HSI (8 MHz) is used as system clock source.
  24:Core/Src/system_stm32f1xx.c ****   *    Then SystemInit() function is called, in "startup_stm32f1xx_xx.s" file, to
  25:Core/Src/system_stm32f1xx.c ****   *    configure the system clock before to branch to main program.
  26:Core/Src/system_stm32f1xx.c ****   *
  27:Core/Src/system_stm32f1xx.c ****   * 4. The default value of HSE crystal is set to 8 MHz (or 25 MHz, depending on
  28:Core/Src/system_stm32f1xx.c ****   *    the product used), refer to "HSE_VALUE". 
  29:Core/Src/system_stm32f1xx.c ****   *    When HSE is used as system clock source, directly or through PLL, and you
  30:Core/Src/system_stm32f1xx.c ****   *    are using different crystal you have to adapt the HSE value to your own
  31:Core/Src/system_stm32f1xx.c ****   *    configuration.
  32:Core/Src/system_stm32f1xx.c ****   *        
  33:Core/Src/system_stm32f1xx.c ****   ******************************************************************************
ARM GAS  /tmp/ccZApvMK.s 			page 2


  34:Core/Src/system_stm32f1xx.c ****   * @attention
  35:Core/Src/system_stm32f1xx.c ****   *
  36:Core/Src/system_stm32f1xx.c ****   * <h2><center>&copy; Copyright (c) 2017 STMicroelectronics.
  37:Core/Src/system_stm32f1xx.c ****   * All rights reserved.</center></h2>
  38:Core/Src/system_stm32f1xx.c ****   *
  39:Core/Src/system_stm32f1xx.c ****   * This software component is licensed by ST under BSD 3-Clause license,
  40:Core/Src/system_stm32f1xx.c ****   * the "License"; You may not use this file except in compliance with the
  41:Core/Src/system_stm32f1xx.c ****   * License. You may obtain a copy of the License at:
  42:Core/Src/system_stm32f1xx.c ****   *                        opensource.org/licenses/BSD-3-Clause
  43:Core/Src/system_stm32f1xx.c ****   *
  44:Core/Src/system_stm32f1xx.c ****   ******************************************************************************
  45:Core/Src/system_stm32f1xx.c ****   */
  46:Core/Src/system_stm32f1xx.c **** 
  47:Core/Src/system_stm32f1xx.c **** /** @addtogroup CMSIS
  48:Core/Src/system_stm32f1xx.c ****   * @{
  49:Core/Src/system_stm32f1xx.c ****   */
  50:Core/Src/system_stm32f1xx.c **** 
  51:Core/Src/system_stm32f1xx.c **** /** @addtogroup stm32f1xx_system
  52:Core/Src/system_stm32f1xx.c ****   * @{
  53:Core/Src/system_stm32f1xx.c ****   */  
  54:Core/Src/system_stm32f1xx.c ****   
  55:Core/Src/system_stm32f1xx.c **** /** @addtogroup STM32F1xx_System_Private_Includes
  56:Core/Src/system_stm32f1xx.c ****   * @{
  57:Core/Src/system_stm32f1xx.c ****   */
  58:Core/Src/system_stm32f1xx.c **** 
  59:Core/Src/system_stm32f1xx.c **** #include "stm32f1xx.h"
  60:Core/Src/system_stm32f1xx.c **** 
  61:Core/Src/system_stm32f1xx.c **** /**
  62:Core/Src/system_stm32f1xx.c ****   * @}
  63:Core/Src/system_stm32f1xx.c ****   */
  64:Core/Src/system_stm32f1xx.c **** 
  65:Core/Src/system_stm32f1xx.c **** /** @addtogroup STM32F1xx_System_Private_TypesDefinitions
  66:Core/Src/system_stm32f1xx.c ****   * @{
  67:Core/Src/system_stm32f1xx.c ****   */
  68:Core/Src/system_stm32f1xx.c **** 
  69:Core/Src/system_stm32f1xx.c **** /**
  70:Core/Src/system_stm32f1xx.c ****   * @}
  71:Core/Src/system_stm32f1xx.c ****   */
  72:Core/Src/system_stm32f1xx.c **** 
  73:Core/Src/system_stm32f1xx.c **** /** @addtogroup STM32F1xx_System_Private_Defines
  74:Core/Src/system_stm32f1xx.c ****   * @{
  75:Core/Src/system_stm32f1xx.c ****   */
  76:Core/Src/system_stm32f1xx.c **** 
  77:Core/Src/system_stm32f1xx.c **** #if !defined  (HSE_VALUE) 
  78:Core/Src/system_stm32f1xx.c ****   #define HSE_VALUE               8000000U /*!< Default value of the External oscillator in Hz.
  79:Core/Src/system_stm32f1xx.c ****                                                 This value can be provided and adapted by the user 
  80:Core/Src/system_stm32f1xx.c **** #endif /* HSE_VALUE */
  81:Core/Src/system_stm32f1xx.c **** 
  82:Core/Src/system_stm32f1xx.c **** #if !defined  (HSI_VALUE)
  83:Core/Src/system_stm32f1xx.c ****   #define HSI_VALUE               8000000U /*!< Default value of the Internal oscillator in Hz.
  84:Core/Src/system_stm32f1xx.c ****                                                 This value can be provided and adapted by the user 
  85:Core/Src/system_stm32f1xx.c **** #endif /* HSI_VALUE */
  86:Core/Src/system_stm32f1xx.c **** 
  87:Core/Src/system_stm32f1xx.c **** /*!< Uncomment the following line if you need to use external SRAM  */ 
  88:Core/Src/system_stm32f1xx.c **** #if defined(STM32F100xE) || defined(STM32F101xE) || defined(STM32F101xG) || defined(STM32F103xE) ||
  89:Core/Src/system_stm32f1xx.c **** /* #define DATA_IN_ExtSRAM */
  90:Core/Src/system_stm32f1xx.c **** #endif /* STM32F100xE || STM32F101xE || STM32F101xG || STM32F103xE || STM32F103xG */
ARM GAS  /tmp/ccZApvMK.s 			page 3


  91:Core/Src/system_stm32f1xx.c **** 
  92:Core/Src/system_stm32f1xx.c **** /* Note: Following vector table addresses must be defined in line with linker
  93:Core/Src/system_stm32f1xx.c ****          configuration. */
  94:Core/Src/system_stm32f1xx.c **** /*!< Uncomment the following line if you need to relocate the vector table
  95:Core/Src/system_stm32f1xx.c ****      anywhere in Flash or Sram, else the vector table is kept at the automatic
  96:Core/Src/system_stm32f1xx.c ****      remap of boot address selected */
  97:Core/Src/system_stm32f1xx.c **** /* #define USER_VECT_TAB_ADDRESS */
  98:Core/Src/system_stm32f1xx.c **** 
  99:Core/Src/system_stm32f1xx.c **** #if defined(USER_VECT_TAB_ADDRESS)
 100:Core/Src/system_stm32f1xx.c **** /*!< Uncomment the following line if you need to relocate your vector Table
 101:Core/Src/system_stm32f1xx.c ****      in Sram else user remap will be done in Flash. */
 102:Core/Src/system_stm32f1xx.c **** /* #define VECT_TAB_SRAM */
 103:Core/Src/system_stm32f1xx.c **** #if defined(VECT_TAB_SRAM)
 104:Core/Src/system_stm32f1xx.c **** #define VECT_TAB_BASE_ADDRESS   SRAM_BASE       /*!< Vector Table base address field.
 105:Core/Src/system_stm32f1xx.c ****                                                      This value must be a multiple of 0x200. */
 106:Core/Src/system_stm32f1xx.c **** #define VECT_TAB_OFFSET         0x00000000U     /*!< Vector Table base offset field.
 107:Core/Src/system_stm32f1xx.c ****                                                      This value must be a multiple of 0x200. */
 108:Core/Src/system_stm32f1xx.c **** #else
 109:Core/Src/system_stm32f1xx.c **** #define VECT_TAB_BASE_ADDRESS   FLASH_BASE      /*!< Vector Table base address field.
 110:Core/Src/system_stm32f1xx.c ****                                                      This value must be a multiple of 0x200. */
 111:Core/Src/system_stm32f1xx.c **** #define VECT_TAB_OFFSET         0x00000000U     /*!< Vector Table base offset field.
 112:Core/Src/system_stm32f1xx.c ****                                                      This value must be a multiple of 0x200. */
 113:Core/Src/system_stm32f1xx.c **** #endif /* VECT_TAB_SRAM */
 114:Core/Src/system_stm32f1xx.c **** #endif /* USER_VECT_TAB_ADDRESS */
 115:Core/Src/system_stm32f1xx.c **** 
 116:Core/Src/system_stm32f1xx.c **** /******************************************************************************/
 117:Core/Src/system_stm32f1xx.c **** 
 118:Core/Src/system_stm32f1xx.c **** /**
 119:Core/Src/system_stm32f1xx.c ****   * @}
 120:Core/Src/system_stm32f1xx.c ****   */
 121:Core/Src/system_stm32f1xx.c **** 
 122:Core/Src/system_stm32f1xx.c **** /** @addtogroup STM32F1xx_System_Private_Macros
 123:Core/Src/system_stm32f1xx.c ****   * @{
 124:Core/Src/system_stm32f1xx.c ****   */
 125:Core/Src/system_stm32f1xx.c **** 
 126:Core/Src/system_stm32f1xx.c **** /**
 127:Core/Src/system_stm32f1xx.c ****   * @}
 128:Core/Src/system_stm32f1xx.c ****   */
 129:Core/Src/system_stm32f1xx.c **** 
 130:Core/Src/system_stm32f1xx.c **** /** @addtogroup STM32F1xx_System_Private_Variables
 131:Core/Src/system_stm32f1xx.c ****   * @{
 132:Core/Src/system_stm32f1xx.c ****   */
 133:Core/Src/system_stm32f1xx.c **** 
 134:Core/Src/system_stm32f1xx.c ****   /* This variable is updated in three ways:
 135:Core/Src/system_stm32f1xx.c ****       1) by calling CMSIS function SystemCoreClockUpdate()
 136:Core/Src/system_stm32f1xx.c ****       2) by calling HAL API function HAL_RCC_GetHCLKFreq()
 137:Core/Src/system_stm32f1xx.c ****       3) each time HAL_RCC_ClockConfig() is called to configure the system clock frequency 
 138:Core/Src/system_stm32f1xx.c ****          Note: If you use this function to configure the system clock; then there
 139:Core/Src/system_stm32f1xx.c ****                is no need to call the 2 first functions listed above, since SystemCoreClock
 140:Core/Src/system_stm32f1xx.c ****                variable is updated automatically.
 141:Core/Src/system_stm32f1xx.c ****   */
 142:Core/Src/system_stm32f1xx.c **** uint32_t SystemCoreClock = 16000000;
 143:Core/Src/system_stm32f1xx.c **** const uint8_t AHBPrescTable[16U] = {0, 0, 0, 0, 0, 0, 0, 0, 1, 2, 3, 4, 6, 7, 8, 9};
 144:Core/Src/system_stm32f1xx.c **** const uint8_t APBPrescTable[8U] =  {0, 0, 0, 0, 1, 2, 3, 4};
 145:Core/Src/system_stm32f1xx.c **** 
 146:Core/Src/system_stm32f1xx.c **** /**
 147:Core/Src/system_stm32f1xx.c ****   * @}
ARM GAS  /tmp/ccZApvMK.s 			page 4


 148:Core/Src/system_stm32f1xx.c ****   */
 149:Core/Src/system_stm32f1xx.c **** 
 150:Core/Src/system_stm32f1xx.c **** /** @addtogroup STM32F1xx_System_Private_FunctionPrototypes
 151:Core/Src/system_stm32f1xx.c ****   * @{
 152:Core/Src/system_stm32f1xx.c ****   */
 153:Core/Src/system_stm32f1xx.c **** 
 154:Core/Src/system_stm32f1xx.c **** #if defined(STM32F100xE) || defined(STM32F101xE) || defined(STM32F101xG) || defined(STM32F103xE) ||
 155:Core/Src/system_stm32f1xx.c **** #ifdef DATA_IN_ExtSRAM
 156:Core/Src/system_stm32f1xx.c ****   static void SystemInit_ExtMemCtl(void); 
 157:Core/Src/system_stm32f1xx.c **** #endif /* DATA_IN_ExtSRAM */
 158:Core/Src/system_stm32f1xx.c **** #endif /* STM32F100xE || STM32F101xE || STM32F101xG || STM32F103xE || STM32F103xG */
 159:Core/Src/system_stm32f1xx.c **** 
 160:Core/Src/system_stm32f1xx.c **** /**
 161:Core/Src/system_stm32f1xx.c ****   * @}
 162:Core/Src/system_stm32f1xx.c ****   */
 163:Core/Src/system_stm32f1xx.c **** 
 164:Core/Src/system_stm32f1xx.c **** /** @addtogroup STM32F1xx_System_Private_Functions
 165:Core/Src/system_stm32f1xx.c ****   * @{
 166:Core/Src/system_stm32f1xx.c ****   */
 167:Core/Src/system_stm32f1xx.c **** 
 168:Core/Src/system_stm32f1xx.c **** /**
 169:Core/Src/system_stm32f1xx.c ****   * @brief  Setup the microcontroller system
 170:Core/Src/system_stm32f1xx.c ****   *         Initialize the Embedded Flash Interface, the PLL and update the 
 171:Core/Src/system_stm32f1xx.c ****   *         SystemCoreClock variable.
 172:Core/Src/system_stm32f1xx.c ****   * @note   This function should be used only after reset.
 173:Core/Src/system_stm32f1xx.c ****   * @param  None
 174:Core/Src/system_stm32f1xx.c ****   * @retval None
 175:Core/Src/system_stm32f1xx.c ****   */
 176:Core/Src/system_stm32f1xx.c **** void SystemInit (void)
 177:Core/Src/system_stm32f1xx.c **** {
  26              		.loc 1 177 0
  27              		.cfi_startproc
  28              		@ args = 0, pretend = 0, frame = 0
  29              		@ frame_needed = 0, uses_anonymous_args = 0
  30              		@ link register save eliminated.
  31 0000 7047     		bx	lr
  32              		.cfi_endproc
  33              	.LFE65:
  35              		.section	.text.SystemCoreClockUpdate,"ax",%progbits
  36              		.align	1
  37              		.global	SystemCoreClockUpdate
  38              		.syntax unified
  39              		.thumb
  40              		.thumb_func
  41              		.fpu softvfp
  43              	SystemCoreClockUpdate:
  44              	.LFB66:
 178:Core/Src/system_stm32f1xx.c **** #if defined(STM32F100xE) || defined(STM32F101xE) || defined(STM32F101xG) || defined(STM32F103xE) ||
 179:Core/Src/system_stm32f1xx.c ****   #ifdef DATA_IN_ExtSRAM
 180:Core/Src/system_stm32f1xx.c ****     SystemInit_ExtMemCtl(); 
 181:Core/Src/system_stm32f1xx.c ****   #endif /* DATA_IN_ExtSRAM */
 182:Core/Src/system_stm32f1xx.c **** #endif 
 183:Core/Src/system_stm32f1xx.c **** 
 184:Core/Src/system_stm32f1xx.c ****   /* Configure the Vector Table location -------------------------------------*/
 185:Core/Src/system_stm32f1xx.c **** #if defined(USER_VECT_TAB_ADDRESS)
 186:Core/Src/system_stm32f1xx.c ****   SCB->VTOR = VECT_TAB_BASE_ADDRESS | VECT_TAB_OFFSET; /* Vector Table Relocation in Internal SRAM.
 187:Core/Src/system_stm32f1xx.c **** #endif /* USER_VECT_TAB_ADDRESS */
ARM GAS  /tmp/ccZApvMK.s 			page 5


 188:Core/Src/system_stm32f1xx.c **** }
 189:Core/Src/system_stm32f1xx.c **** 
 190:Core/Src/system_stm32f1xx.c **** /**
 191:Core/Src/system_stm32f1xx.c ****   * @brief  Update SystemCoreClock variable according to Clock Register Values.
 192:Core/Src/system_stm32f1xx.c ****   *         The SystemCoreClock variable contains the core clock (HCLK), it can
 193:Core/Src/system_stm32f1xx.c ****   *         be used by the user application to setup the SysTick timer or configure
 194:Core/Src/system_stm32f1xx.c ****   *         other parameters.
 195:Core/Src/system_stm32f1xx.c ****   *           
 196:Core/Src/system_stm32f1xx.c ****   * @note   Each time the core clock (HCLK) changes, this function must be called
 197:Core/Src/system_stm32f1xx.c ****   *         to update SystemCoreClock variable value. Otherwise, any configuration
 198:Core/Src/system_stm32f1xx.c ****   *         based on this variable will be incorrect.         
 199:Core/Src/system_stm32f1xx.c ****   *     
 200:Core/Src/system_stm32f1xx.c ****   * @note   - The system frequency computed by this function is not the real 
 201:Core/Src/system_stm32f1xx.c ****   *           frequency in the chip. It is calculated based on the predefined 
 202:Core/Src/system_stm32f1xx.c ****   *           constant and the selected clock source:
 203:Core/Src/system_stm32f1xx.c ****   *             
 204:Core/Src/system_stm32f1xx.c ****   *           - If SYSCLK source is HSI, SystemCoreClock will contain the HSI_VALUE(*)
 205:Core/Src/system_stm32f1xx.c ****   *                                              
 206:Core/Src/system_stm32f1xx.c ****   *           - If SYSCLK source is HSE, SystemCoreClock will contain the HSE_VALUE(**)
 207:Core/Src/system_stm32f1xx.c ****   *                          
 208:Core/Src/system_stm32f1xx.c ****   *           - If SYSCLK source is PLL, SystemCoreClock will contain the HSE_VALUE(**) 
 209:Core/Src/system_stm32f1xx.c ****   *             or HSI_VALUE(*) multiplied by the PLL factors.
 210:Core/Src/system_stm32f1xx.c ****   *         
 211:Core/Src/system_stm32f1xx.c ****   *         (*) HSI_VALUE is a constant defined in stm32f1xx.h file (default value
 212:Core/Src/system_stm32f1xx.c ****   *             8 MHz) but the real value may vary depending on the variations
 213:Core/Src/system_stm32f1xx.c ****   *             in voltage and temperature.   
 214:Core/Src/system_stm32f1xx.c ****   *    
 215:Core/Src/system_stm32f1xx.c ****   *         (**) HSE_VALUE is a constant defined in stm32f1xx.h file (default value
 216:Core/Src/system_stm32f1xx.c ****   *              8 MHz or 25 MHz, depending on the product used), user has to ensure
 217:Core/Src/system_stm32f1xx.c ****   *              that HSE_VALUE is same as the real frequency of the crystal used.
 218:Core/Src/system_stm32f1xx.c ****   *              Otherwise, this function may have wrong result.
 219:Core/Src/system_stm32f1xx.c ****   *                
 220:Core/Src/system_stm32f1xx.c ****   *         - The result of this function could be not correct when using fractional
 221:Core/Src/system_stm32f1xx.c ****   *           value for HSE crystal.
 222:Core/Src/system_stm32f1xx.c ****   * @param  None
 223:Core/Src/system_stm32f1xx.c ****   * @retval None
 224:Core/Src/system_stm32f1xx.c ****   */
 225:Core/Src/system_stm32f1xx.c **** void SystemCoreClockUpdate (void)
 226:Core/Src/system_stm32f1xx.c **** {
  45              		.loc 1 226 0
  46              		.cfi_startproc
  47              		@ args = 0, pretend = 0, frame = 0
  48              		@ frame_needed = 0, uses_anonymous_args = 0
  49              		@ link register save eliminated.
  50              		.loc 1 226 0
  51 0000 10B4     		push	{r4}
  52              		.cfi_def_cfa_offset 4
  53              		.cfi_offset 4, -4
  54              	.LVL0:
 227:Core/Src/system_stm32f1xx.c ****   uint32_t tmp = 0U, pllmull = 0U, pllsource = 0U;
 228:Core/Src/system_stm32f1xx.c **** 
 229:Core/Src/system_stm32f1xx.c **** #if defined(STM32F105xC) || defined(STM32F107xC)
 230:Core/Src/system_stm32f1xx.c ****   uint32_t prediv1source = 0U, prediv1factor = 0U, prediv2factor = 0U, pll2mull = 0U;
 231:Core/Src/system_stm32f1xx.c **** #endif /* STM32F105xC */
 232:Core/Src/system_stm32f1xx.c **** 
 233:Core/Src/system_stm32f1xx.c **** #if defined(STM32F100xB) || defined(STM32F100xE)
 234:Core/Src/system_stm32f1xx.c ****   uint32_t prediv1factor = 0U;
ARM GAS  /tmp/ccZApvMK.s 			page 6


 235:Core/Src/system_stm32f1xx.c **** #endif /* STM32F100xB or STM32F100xE */
 236:Core/Src/system_stm32f1xx.c ****     
 237:Core/Src/system_stm32f1xx.c ****   /* Get SYSCLK source -------------------------------------------------------*/
 238:Core/Src/system_stm32f1xx.c ****   tmp = RCC->CFGR & RCC_CFGR_SWS;
  55              		.loc 1 238 0
  56 0002 2C4B     		ldr	r3, .L16
  57 0004 5B68     		ldr	r3, [r3, #4]
  58 0006 03F00C03 		and	r3, r3, #12
  59              	.LVL1:
 239:Core/Src/system_stm32f1xx.c ****   
 240:Core/Src/system_stm32f1xx.c ****   switch (tmp)
  60              		.loc 1 240 0
  61 000a 042B     		cmp	r3, #4
  62 000c 15D0     		beq	.L4
  63 000e 082B     		cmp	r3, #8
  64 0010 17D0     		beq	.L5
  65 0012 1BB1     		cbz	r3, .L14
 241:Core/Src/system_stm32f1xx.c ****   {
 242:Core/Src/system_stm32f1xx.c ****     case 0x00U:  /* HSI used as system clock */
 243:Core/Src/system_stm32f1xx.c ****       SystemCoreClock = HSI_VALUE;
 244:Core/Src/system_stm32f1xx.c ****       break;
 245:Core/Src/system_stm32f1xx.c ****     case 0x04U:  /* HSE used as system clock */
 246:Core/Src/system_stm32f1xx.c ****       SystemCoreClock = HSE_VALUE;
 247:Core/Src/system_stm32f1xx.c ****       break;
 248:Core/Src/system_stm32f1xx.c ****     case 0x08U:  /* PLL used as system clock */
 249:Core/Src/system_stm32f1xx.c **** 
 250:Core/Src/system_stm32f1xx.c ****       /* Get PLL clock source and multiplication factor ----------------------*/
 251:Core/Src/system_stm32f1xx.c ****       pllmull = RCC->CFGR & RCC_CFGR_PLLMULL;
 252:Core/Src/system_stm32f1xx.c ****       pllsource = RCC->CFGR & RCC_CFGR_PLLSRC;
 253:Core/Src/system_stm32f1xx.c ****       
 254:Core/Src/system_stm32f1xx.c **** #if !defined(STM32F105xC) && !defined(STM32F107xC)      
 255:Core/Src/system_stm32f1xx.c ****       pllmull = ( pllmull >> 18U) + 2U;
 256:Core/Src/system_stm32f1xx.c ****       
 257:Core/Src/system_stm32f1xx.c ****       if (pllsource == 0x00U)
 258:Core/Src/system_stm32f1xx.c ****       {
 259:Core/Src/system_stm32f1xx.c ****         /* HSI oscillator clock divided by 2 selected as PLL clock entry */
 260:Core/Src/system_stm32f1xx.c ****         SystemCoreClock = (HSI_VALUE >> 1U) * pllmull;
 261:Core/Src/system_stm32f1xx.c ****       }
 262:Core/Src/system_stm32f1xx.c ****       else
 263:Core/Src/system_stm32f1xx.c ****       {
 264:Core/Src/system_stm32f1xx.c ****  #if defined(STM32F100xB) || defined(STM32F100xE)
 265:Core/Src/system_stm32f1xx.c ****        prediv1factor = (RCC->CFGR2 & RCC_CFGR2_PREDIV1) + 1U;
 266:Core/Src/system_stm32f1xx.c ****        /* HSE oscillator clock selected as PREDIV1 clock entry */
 267:Core/Src/system_stm32f1xx.c ****        SystemCoreClock = (HSE_VALUE / prediv1factor) * pllmull; 
 268:Core/Src/system_stm32f1xx.c ****  #else
 269:Core/Src/system_stm32f1xx.c ****         /* HSE selected as PLL clock entry */
 270:Core/Src/system_stm32f1xx.c ****         if ((RCC->CFGR & RCC_CFGR_PLLXTPRE) != (uint32_t)RESET)
 271:Core/Src/system_stm32f1xx.c ****         {/* HSE oscillator clock divided by 2 */
 272:Core/Src/system_stm32f1xx.c ****           SystemCoreClock = (HSE_VALUE >> 1U) * pllmull;
 273:Core/Src/system_stm32f1xx.c ****         }
 274:Core/Src/system_stm32f1xx.c ****         else
 275:Core/Src/system_stm32f1xx.c ****         {
 276:Core/Src/system_stm32f1xx.c ****           SystemCoreClock = HSE_VALUE * pllmull;
 277:Core/Src/system_stm32f1xx.c ****         }
 278:Core/Src/system_stm32f1xx.c ****  #endif
 279:Core/Src/system_stm32f1xx.c ****       }
 280:Core/Src/system_stm32f1xx.c **** #else
ARM GAS  /tmp/ccZApvMK.s 			page 7


 281:Core/Src/system_stm32f1xx.c ****       pllmull = pllmull >> 18U;
 282:Core/Src/system_stm32f1xx.c ****       
 283:Core/Src/system_stm32f1xx.c ****       if (pllmull != 0x0DU)
 284:Core/Src/system_stm32f1xx.c ****       {
 285:Core/Src/system_stm32f1xx.c ****          pllmull += 2U;
 286:Core/Src/system_stm32f1xx.c ****       }
 287:Core/Src/system_stm32f1xx.c ****       else
 288:Core/Src/system_stm32f1xx.c ****       { /* PLL multiplication factor = PLL input clock * 6.5 */
 289:Core/Src/system_stm32f1xx.c ****         pllmull = 13U / 2U; 
 290:Core/Src/system_stm32f1xx.c ****       }
 291:Core/Src/system_stm32f1xx.c ****             
 292:Core/Src/system_stm32f1xx.c ****       if (pllsource == 0x00U)
 293:Core/Src/system_stm32f1xx.c ****       {
 294:Core/Src/system_stm32f1xx.c ****         /* HSI oscillator clock divided by 2 selected as PLL clock entry */
 295:Core/Src/system_stm32f1xx.c ****         SystemCoreClock = (HSI_VALUE >> 1U) * pllmull;
 296:Core/Src/system_stm32f1xx.c ****       }
 297:Core/Src/system_stm32f1xx.c ****       else
 298:Core/Src/system_stm32f1xx.c ****       {/* PREDIV1 selected as PLL clock entry */
 299:Core/Src/system_stm32f1xx.c ****         
 300:Core/Src/system_stm32f1xx.c ****         /* Get PREDIV1 clock source and division factor */
 301:Core/Src/system_stm32f1xx.c ****         prediv1source = RCC->CFGR2 & RCC_CFGR2_PREDIV1SRC;
 302:Core/Src/system_stm32f1xx.c ****         prediv1factor = (RCC->CFGR2 & RCC_CFGR2_PREDIV1) + 1U;
 303:Core/Src/system_stm32f1xx.c ****         
 304:Core/Src/system_stm32f1xx.c ****         if (prediv1source == 0U)
 305:Core/Src/system_stm32f1xx.c ****         { 
 306:Core/Src/system_stm32f1xx.c ****           /* HSE oscillator clock selected as PREDIV1 clock entry */
 307:Core/Src/system_stm32f1xx.c ****           SystemCoreClock = (HSE_VALUE / prediv1factor) * pllmull;          
 308:Core/Src/system_stm32f1xx.c ****         }
 309:Core/Src/system_stm32f1xx.c ****         else
 310:Core/Src/system_stm32f1xx.c ****         {/* PLL2 clock selected as PREDIV1 clock entry */
 311:Core/Src/system_stm32f1xx.c ****           
 312:Core/Src/system_stm32f1xx.c ****           /* Get PREDIV2 division factor and PLL2 multiplication factor */
 313:Core/Src/system_stm32f1xx.c ****           prediv2factor = ((RCC->CFGR2 & RCC_CFGR2_PREDIV2) >> 4U) + 1U;
 314:Core/Src/system_stm32f1xx.c ****           pll2mull = ((RCC->CFGR2 & RCC_CFGR2_PLL2MUL) >> 8U) + 2U; 
 315:Core/Src/system_stm32f1xx.c ****           SystemCoreClock = (((HSE_VALUE / prediv2factor) * pll2mull) / prediv1factor) * pllmull;  
 316:Core/Src/system_stm32f1xx.c ****         }
 317:Core/Src/system_stm32f1xx.c ****       }
 318:Core/Src/system_stm32f1xx.c **** #endif /* STM32F105xC */ 
 319:Core/Src/system_stm32f1xx.c ****       break;
 320:Core/Src/system_stm32f1xx.c **** 
 321:Core/Src/system_stm32f1xx.c ****     default:
 322:Core/Src/system_stm32f1xx.c ****       SystemCoreClock = HSI_VALUE;
  66              		.loc 1 322 0
  67 0014 284A     		ldr	r2, .L16+4
  68 0016 294B     		ldr	r3, .L16+8
  69              	.LVL2:
  70 0018 1A60     		str	r2, [r3]
 323:Core/Src/system_stm32f1xx.c ****       break;
  71              		.loc 1 323 0
  72 001a 02E0     		b	.L7
  73              	.LVL3:
  74              	.L14:
 243:Core/Src/system_stm32f1xx.c ****       break;
  75              		.loc 1 243 0
  76 001c 264A     		ldr	r2, .L16+4
  77 001e 274B     		ldr	r3, .L16+8
  78              	.LVL4:
ARM GAS  /tmp/ccZApvMK.s 			page 8


  79 0020 1A60     		str	r2, [r3]
  80              	.LVL5:
  81              	.L7:
 324:Core/Src/system_stm32f1xx.c ****   }
 325:Core/Src/system_stm32f1xx.c ****   
 326:Core/Src/system_stm32f1xx.c ****   /* Compute HCLK clock frequency ----------------*/
 327:Core/Src/system_stm32f1xx.c ****   /* Get HCLK prescaler */
 328:Core/Src/system_stm32f1xx.c ****   tmp = AHBPrescTable[((RCC->CFGR & RCC_CFGR_HPRE) >> 4U)];
  82              		.loc 1 328 0
  83 0022 244B     		ldr	r3, .L16
  84 0024 5B68     		ldr	r3, [r3, #4]
  85 0026 C3F30313 		ubfx	r3, r3, #4, #4
  86 002a 254A     		ldr	r2, .L16+12
  87 002c D15C     		ldrb	r1, [r2, r3]	@ zero_extendqisi2
  88              	.LVL6:
 329:Core/Src/system_stm32f1xx.c ****   /* HCLK clock frequency */
 330:Core/Src/system_stm32f1xx.c ****   SystemCoreClock >>= tmp;  
  89              		.loc 1 330 0
  90 002e 234A     		ldr	r2, .L16+8
  91 0030 1368     		ldr	r3, [r2]
  92 0032 CB40     		lsrs	r3, r3, r1
  93 0034 1360     		str	r3, [r2]
 331:Core/Src/system_stm32f1xx.c **** }
  94              		.loc 1 331 0
  95 0036 10BC     		pop	{r4}
  96              		.cfi_remember_state
  97              		.cfi_restore 4
  98              		.cfi_def_cfa_offset 0
  99 0038 7047     		bx	lr
 100              	.LVL7:
 101              	.L4:
 102              		.cfi_restore_state
 246:Core/Src/system_stm32f1xx.c ****       break;
 103              		.loc 1 246 0
 104 003a 1F4A     		ldr	r2, .L16+4
 105 003c 1F4B     		ldr	r3, .L16+8
 106              	.LVL8:
 107 003e 1A60     		str	r2, [r3]
 247:Core/Src/system_stm32f1xx.c ****     case 0x08U:  /* PLL used as system clock */
 108              		.loc 1 247 0
 109 0040 EFE7     		b	.L7
 110              	.LVL9:
 111              	.L5:
 251:Core/Src/system_stm32f1xx.c ****       pllsource = RCC->CFGR & RCC_CFGR_PLLSRC;
 112              		.loc 1 251 0
 113 0042 1C4A     		ldr	r2, .L16
 114 0044 5368     		ldr	r3, [r2, #4]
 115              	.LVL10:
 252:Core/Src/system_stm32f1xx.c ****       
 116              		.loc 1 252 0
 117 0046 5268     		ldr	r2, [r2, #4]
 118 0048 02F48032 		and	r2, r2, #65536
 119              	.LVL11:
 281:Core/Src/system_stm32f1xx.c ****       
 120              		.loc 1 281 0
 121 004c C3F38343 		ubfx	r3, r3, #18, #4
 122              	.LVL12:
ARM GAS  /tmp/ccZApvMK.s 			page 9


 283:Core/Src/system_stm32f1xx.c ****       {
 123              		.loc 1 283 0
 124 0050 0D2B     		cmp	r3, #13
 125 0052 12D0     		beq	.L11
 285:Core/Src/system_stm32f1xx.c ****       }
 126              		.loc 1 285 0
 127 0054 0233     		adds	r3, r3, #2
 128              	.LVL13:
 129              	.L8:
 292:Core/Src/system_stm32f1xx.c ****       {
 130              		.loc 1 292 0
 131 0056 92B1     		cbz	r2, .L15
 301:Core/Src/system_stm32f1xx.c ****         prediv1factor = (RCC->CFGR2 & RCC_CFGR2_PREDIV1) + 1U;
 132              		.loc 1 301 0
 133 0058 164A     		ldr	r2, .L16
 134              	.LVL14:
 135 005a D16A     		ldr	r1, [r2, #44]
 136              	.LVL15:
 302:Core/Src/system_stm32f1xx.c ****         
 137              		.loc 1 302 0
 138 005c D26A     		ldr	r2, [r2, #44]
 139 005e 02F00F02 		and	r2, r2, #15
 140 0062 0132     		adds	r2, r2, #1
 141              	.LVL16:
 304:Core/Src/system_stm32f1xx.c ****         { 
 142              		.loc 1 304 0
 143 0064 11F4803F 		tst	r1, #65536
 144 0068 0FD1     		bne	.L10
 307:Core/Src/system_stm32f1xx.c ****         }
 145              		.loc 1 307 0
 146 006a 1349     		ldr	r1, .L16+4
 147              	.LVL17:
 148 006c B1FBF2F2 		udiv	r2, r1, r2
 149              	.LVL18:
 150 0070 02FB03F3 		mul	r3, r2, r3
 151              	.LVL19:
 152 0074 114A     		ldr	r2, .L16+8
 153 0076 1360     		str	r3, [r2]
 154 0078 D3E7     		b	.L7
 155              	.LVL20:
 156              	.L11:
 289:Core/Src/system_stm32f1xx.c ****       }
 157              		.loc 1 289 0
 158 007a 0623     		movs	r3, #6
 159              	.LVL21:
 160 007c EBE7     		b	.L8
 161              	.LVL22:
 162              	.L15:
 295:Core/Src/system_stm32f1xx.c ****       }
 163              		.loc 1 295 0
 164 007e 114A     		ldr	r2, .L16+16
 165              	.LVL23:
 166 0080 02FB03F3 		mul	r3, r2, r3
 167              	.LVL24:
 168 0084 0D4A     		ldr	r2, .L16+8
 169 0086 1360     		str	r3, [r2]
 170 0088 CBE7     		b	.L7
ARM GAS  /tmp/ccZApvMK.s 			page 10


 171              	.LVL25:
 172              	.L10:
 313:Core/Src/system_stm32f1xx.c ****           pll2mull = ((RCC->CFGR2 & RCC_CFGR2_PLL2MUL) >> 8U) + 2U; 
 173              		.loc 1 313 0
 174 008a 0A48     		ldr	r0, .L16
 175 008c C16A     		ldr	r1, [r0, #44]
 176              	.LVL26:
 177 008e C1F30311 		ubfx	r1, r1, #4, #4
 178 0092 4C1C     		adds	r4, r1, #1
 179              	.LVL27:
 314:Core/Src/system_stm32f1xx.c ****           SystemCoreClock = (((HSE_VALUE / prediv2factor) * pll2mull) / prediv1factor) * pllmull;  
 180              		.loc 1 314 0
 181 0094 C06A     		ldr	r0, [r0, #44]
 182 0096 C0F30320 		ubfx	r0, r0, #8, #4
 183 009a 0230     		adds	r0, r0, #2
 184              	.LVL28:
 315:Core/Src/system_stm32f1xx.c ****         }
 185              		.loc 1 315 0
 186 009c 0649     		ldr	r1, .L16+4
 187 009e B1FBF4F1 		udiv	r1, r1, r4
 188 00a2 01FB00F1 		mul	r1, r1, r0
 189 00a6 B1FBF2F2 		udiv	r2, r1, r2
 190              	.LVL29:
 191 00aa 02FB03F3 		mul	r3, r2, r3
 192              	.LVL30:
 193 00ae 034A     		ldr	r2, .L16+8
 194 00b0 1360     		str	r3, [r2]
 195 00b2 B6E7     		b	.L7
 196              	.L17:
 197              		.align	2
 198              	.L16:
 199 00b4 00100240 		.word	1073876992
 200 00b8 00127A00 		.word	8000000
 201 00bc 00000000 		.word	.LANCHOR0
 202 00c0 00000000 		.word	.LANCHOR1
 203 00c4 00093D00 		.word	4000000
 204              		.cfi_endproc
 205              	.LFE66:
 207              		.global	APBPrescTable
 208              		.global	AHBPrescTable
 209              		.global	SystemCoreClock
 210              		.section	.data.SystemCoreClock,"aw",%progbits
 211              		.align	2
 212              		.set	.LANCHOR0,. + 0
 215              	SystemCoreClock:
 216 0000 0024F400 		.word	16000000
 217              		.section	.rodata.AHBPrescTable,"a",%progbits
 218              		.align	2
 219              		.set	.LANCHOR1,. + 0
 222              	AHBPrescTable:
 223 0000 00       		.byte	0
 224 0001 00       		.byte	0
 225 0002 00       		.byte	0
 226 0003 00       		.byte	0
 227 0004 00       		.byte	0
 228 0005 00       		.byte	0
 229 0006 00       		.byte	0
ARM GAS  /tmp/ccZApvMK.s 			page 11


 230 0007 00       		.byte	0
 231 0008 01       		.byte	1
 232 0009 02       		.byte	2
 233 000a 03       		.byte	3
 234 000b 04       		.byte	4
 235 000c 06       		.byte	6
 236 000d 07       		.byte	7
 237 000e 08       		.byte	8
 238 000f 09       		.byte	9
 239              		.section	.rodata.APBPrescTable,"a",%progbits
 240              		.align	2
 243              	APBPrescTable:
 244 0000 00       		.byte	0
 245 0001 00       		.byte	0
 246 0002 00       		.byte	0
 247 0003 00       		.byte	0
 248 0004 01       		.byte	1
 249 0005 02       		.byte	2
 250 0006 03       		.byte	3
 251 0007 04       		.byte	4
 252              		.text
 253              	.Letext0:
 254              		.file 2 "/usr/include/newlib/machine/_default_types.h"
 255              		.file 3 "/usr/include/newlib/sys/_stdint.h"
 256              		.file 4 "Drivers/CMSIS/Include/core_cm3.h"
 257              		.file 5 "Drivers/CMSIS/Device/ST/STM32F1xx/Include/system_stm32f1xx.h"
 258              		.file 6 "Drivers/CMSIS/Device/ST/STM32F1xx/Include/stm32f105xc.h"
 259              		.file 7 "Drivers/STM32F1xx_HAL_Driver/Inc/stm32f1xx_hal.h"
ARM GAS  /tmp/ccZApvMK.s 			page 12


DEFINED SYMBOLS
                            *ABS*:0000000000000000 system_stm32f1xx.c
     /tmp/ccZApvMK.s:16     .text.SystemInit:0000000000000000 $t
     /tmp/ccZApvMK.s:23     .text.SystemInit:0000000000000000 SystemInit
     /tmp/ccZApvMK.s:36     .text.SystemCoreClockUpdate:0000000000000000 $t
     /tmp/ccZApvMK.s:43     .text.SystemCoreClockUpdate:0000000000000000 SystemCoreClockUpdate
     /tmp/ccZApvMK.s:199    .text.SystemCoreClockUpdate:00000000000000b4 $d
     /tmp/ccZApvMK.s:243    .rodata.APBPrescTable:0000000000000000 APBPrescTable
     /tmp/ccZApvMK.s:222    .rodata.AHBPrescTable:0000000000000000 AHBPrescTable
     /tmp/ccZApvMK.s:215    .data.SystemCoreClock:0000000000000000 SystemCoreClock
     /tmp/ccZApvMK.s:211    .data.SystemCoreClock:0000000000000000 $d
     /tmp/ccZApvMK.s:218    .rodata.AHBPrescTable:0000000000000000 $d
     /tmp/ccZApvMK.s:240    .rodata.APBPrescTable:0000000000000000 $d
                     .debug_frame:0000000000000010 $d

NO UNDEFINED SYMBOLS
